Using pre-set license
Built from '6000.0/staging' branch; Version is '6000.0.39f1 (15ea7ed0b100) revision 1436286'; Using compiler version '193933523'; Build Type 'Release'
OS: 'Windows 10  (10.0.19045) 64bit Professional' Language: 'pt' Physical Memory: 16286 MB
BatchMode: 1, IsHumanControllingUs: 0, StartBugReporterOnCrash: 0, Is64bit: 1, IsPro: 1

COMMAND LINE ARGUMENTS:
C:\Program Files\Unity\Hub\Editor\6000.0.39f1\Editor\Unity.exe
-adb2
-batchMode
-noUpm
-name
AssetImportWorker0
-projectPath
D:/Usuaerio/Heitor/Desktop/PUC/2Periodo/TI2/TI-2/FPS_Heitor/FPS
-logFile
Logs/AssetImportWorker0.log
-srvPort
61072
-job-worker-count
5
-background-job-worker-count
8
-gc-helper-count
1
Successfully changed project path to: D:/Usuaerio/Heitor/Desktop/PUC/2Periodo/TI2/TI-2/FPS_Heitor/FPS
D:/Usuaerio/Heitor/Desktop/PUC/2Periodo/TI2/TI-2/FPS_Heitor/FPS
[UnityMemory] Configuration Parameters - Can be set up in boot.config
    "memorysetup-bucket-allocator-granularity=16"
    "memorysetup-bucket-allocator-bucket-count=8"
    "memorysetup-bucket-allocator-block-size=33554432"
    "memorysetup-bucket-allocator-block-count=8"
    "memorysetup-main-allocator-block-size=16777216"
    "memorysetup-thread-allocator-block-size=16777216"
    "memorysetup-gfx-main-allocator-block-size=16777216"
    "memorysetup-gfx-thread-allocator-block-size=16777216"
    "memorysetup-cache-allocator-block-size=4194304"
    "memorysetup-typetree-allocator-block-size=2097152"
    "memorysetup-profiler-bucket-allocator-granularity=16"
    "memorysetup-profiler-bucket-allocator-bucket-count=8"
    "memorysetup-profiler-bucket-allocator-block-size=33554432"
    "memorysetup-profiler-bucket-allocator-block-count=8"
    "memorysetup-profiler-allocator-block-size=16777216"
    "memorysetup-profiler-editor-allocator-block-size=1048576"
    "memorysetup-temp-allocator-size-main=16777216"
    "memorysetup-job-temp-allocator-block-size=2097152"
    "memorysetup-job-temp-allocator-block-size-background=1048576"
    "memorysetup-job-temp-allocator-reduction-small-platforms=262144"
    "memorysetup-allocator-temp-initial-block-size-main=262144"
    "memorysetup-allocator-temp-initial-block-size-worker=262144"
    "memorysetup-temp-allocator-size-background-worker=32768"
    "memorysetup-temp-allocator-size-job-worker=262144"
    "memorysetup-temp-allocator-size-preload-manager=33554432"
    "memorysetup-temp-allocator-size-nav-mesh-worker=65536"
    "memorysetup-temp-allocator-size-audio-worker=65536"
    "memorysetup-temp-allocator-size-cloud-worker=32768"
    "memorysetup-temp-allocator-size-gi-baking-worker=262144"
    "memorysetup-temp-allocator-size-gi-baking-worker=262144"
    "memorysetup-temp-allocator-size-gi-baking-worker=262144"
    "memorysetup-temp-allocator-size-gi-baking-worker=262144"
    "memorysetup-temp-allocator-size-gi-baking-worker=262144"
    "memorysetup-temp-allocator-size-gfx=262144"
Player connection [6348]  Target information:

Player connection [6348]  * "[IP] 192.168.0.11 [Port] 0 [Flags] 2 [Guid] 787445888 [EditorId] 787445888 [Version] 1048832 [Id] WindowsEditor(7,DESKTOP-LJTVJB6) [Debug] 1 [PackageName] WindowsEditor [ProjectName] Editor" 

Player connection [6348] Host joined multi-casting on [225.0.0.222:54997]...
Player connection [6348] Host joined alternative multi-casting on [225.0.0.222:34997]...
JobSystem: Creating JobQueue using job-worker-count value 5
Input System module state changed to: Initialized.
[Physics::Module] Initialized fallback backend.
[Physics::Module] Id: 0xdecafbad
Library Redirect Path: Library/
[Physics::Module] Selected backend.
[Physics::Module] Name: PhysX
[Physics::Module] Id: 0xf2b8ea05
[Physics::Module] SDK Version: 4.1.2
[Physics::Module] Integration Version: 1.0.0
[Physics::Module] Threading Mode: Multi-Threaded
Refreshing native plugins compatible for Editor in 1.28 ms, found 3 plugins.
Preloading 0 native plugins for Editor in 0.00 ms.
Initialize engine version: 6000.0.39f1 (15ea7ed0b100)
[Subsystems] Discovering subsystems at path C:/Program Files/Unity/Hub/Editor/6000.0.39f1/Editor/Data/Resources/UnitySubsystems
[Subsystems] Discovering subsystems at path D:/Usuaerio/Heitor/Desktop/PUC/2Periodo/TI2/TI-2/FPS_Heitor/FPS/Assets
GfxDevice: creating device client; kGfxThreadingModeNonThreaded
Direct3D:
    Version:  Direct3D 11.0 [level 11.1]
    Renderer: NVIDIA GeForce RTX 2060 (ID=0x1f08)
    Vendor:   NVIDIA
    VRAM:     5954 MB
    Driver:   32.0.15.7283
Initialize mono
Mono path[0] = 'C:/Program Files/Unity/Hub/Editor/6000.0.39f1/Editor/Data/Managed'
Mono path[1] = 'C:/Program Files/Unity/Hub/Editor/6000.0.39f1/Editor/Data/MonoBleedingEdge/lib/mono/unityjit-win32'
Mono config path = 'C:/Program Files/Unity/Hub/Editor/6000.0.39f1/Editor/Data/MonoBleedingEdge/etc'
Using monoOptions --debugger-agent=transport=dt_socket,embedding=1,server=y,suspend=n,address=127.0.0.1:56068
Begin MonoManager ReloadAssembly
Registering precompiled unity dll's ...
Register platform support module: C:/Program Files/Unity/Hub/Editor/6000.0.39f1/Editor/Data/PlaybackEngines/WindowsStandaloneSupport/UnityEditor.WindowsStandalone.Extensions.dll
Register platform support module: C:/Program Files/Unity/Hub/Editor/6000.0.39f1/Editor/Data/PlaybackEngines/MetroSupport/UnityEditor.UWP.Extensions.dll
Register platform support module: C:/Program Files/Unity/Hub/Editor/6000.0.39f1/Editor/Data/PlaybackEngines/AndroidPlayer/UnityEditor.Android.Extensions.dll
Register platform support module: C:/Program Files/Unity/Hub/Editor/6000.0.39f1/Editor/Data/PlaybackEngines/iOSSupport/UnityEditor.iOS.Extensions.dll
Registered in 0.007109 seconds.
- Loaded All Assemblies, in  0.473 seconds
[usbmuxd] Start listen thread
[usbmuxd] Listen thread started
Native extension for iOS target not found
Native extension for Android target not found
Android Extension - Scanning For ADB Devices 1867 ms
Native extension for UWP target not found
Native extension for WindowsStandalone target not found
Mono: successfully reloaded assembly
- Finished resetting the current domain, in  2.279 seconds
Domain Reload Profiling: 2748ms
	BeginReloadAssembly (156ms)
		ExecutionOrderSort (0ms)
		DisableScriptedObjects (0ms)
		BackupInstance (0ms)
		ReleaseScriptingObjects (0ms)
		CreateAndSetChildDomain (1ms)
	RebuildCommonClasses (47ms)
	RebuildNativeTypeToScriptingClass (14ms)
	initialDomainReloadingComplete (58ms)
	LoadAllAssembliesAndSetupDomain (195ms)
		LoadAssemblies (153ms)
		RebuildTransferFunctionScriptingTraits (0ms)
		AnalyzeDomain (191ms)
			TypeCache.Refresh (189ms)
				TypeCache.ScanAssembly (173ms)
			BuildScriptInfoCaches (0ms)
			ResolveRequiredComponents (1ms)
	FinalizeReload (2279ms)
		ReleaseScriptCaches (0ms)
		RebuildScriptCaches (0ms)
		SetupLoadedEditorAssemblies (2226ms)
			LogAssemblyErrors (0ms)
			InitializePlatformSupportModulesInManaged (1984ms)
			SetLoadedEditorAssemblies (4ms)
			BeforeProcessingInitializeOnLoad (58ms)
			ProcessInitializeOnLoadAttributes (117ms)
			ProcessInitializeOnLoadMethodAttributes (62ms)
			AfterProcessingInitializeOnLoad (0ms)
			EditorAssembliesLoaded (0ms)
		ExecutionOrderSort2 (0ms)
		AwakeInstancesAfterBackupRestoration (0ms)
========================================================================
Worker process is ready to serve import requests
Import Worker Mode flag is 0x00
Begin MonoManager ReloadAssembly
- Loaded All Assemblies, in  0.777 seconds
Refreshing native plugins compatible for Editor in 0.75 ms, found 3 plugins.
Native extension for iOS target not found
Native extension for Android target not found
Native extension for UWP target not found
Native extension for WindowsStandalone target not found
Mono: successfully reloaded assembly
- Finished resetting the current domain, in  0.641 seconds
Domain Reload Profiling: 1413ms
	BeginReloadAssembly (205ms)
		ExecutionOrderSort (0ms)
		DisableScriptedObjects (7ms)
		BackupInstance (0ms)
		ReleaseScriptingObjects (0ms)
		CreateAndSetChildDomain (36ms)
	RebuildCommonClasses (46ms)
	RebuildNativeTypeToScriptingClass (16ms)
	initialDomainReloadingComplete (44ms)
	LoadAllAssembliesAndSetupDomain (461ms)
		LoadAssemblies (350ms)
		RebuildTransferFunctionScriptingTraits (0ms)
		AnalyzeDomain (234ms)
			TypeCache.Refresh (190ms)
				TypeCache.ScanAssembly (173ms)
			BuildScriptInfoCaches (36ms)
			ResolveRequiredComponents (5ms)
	FinalizeReload (641ms)
		ReleaseScriptCaches (0ms)
		RebuildScriptCaches (0ms)
		SetupLoadedEditorAssemblies (508ms)
			LogAssemblyErrors (0ms)
			InitializePlatformSupportModulesInManaged (22ms)
			SetLoadedEditorAssemblies (5ms)
			BeforeProcessingInitializeOnLoad (110ms)
			ProcessInitializeOnLoadAttributes (334ms)
			ProcessInitializeOnLoadMethodAttributes (30ms)
			AfterProcessingInitializeOnLoad (8ms)
			EditorAssembliesLoaded (0ms)
		ExecutionOrderSort2 (0ms)
		AwakeInstancesAfterBackupRestoration (7ms)
Launched and connected shader compiler UnityShaderCompiler.exe after 0.01 seconds
Refreshing native plugins compatible for Editor in 1.18 ms, found 3 plugins.
Preloading 0 native plugins for Editor in 0.00 ms.
Unloading 8 Unused Serialized files (Serialized files now loaded: 0)
Unloading 3701 unused Assets / (0.9 MB). Loaded Objects now: 4187.
Memory consumption went from 82.9 MB to 82.1 MB.
Total: 8.846400 ms (FindLiveObjects: 0.692800 ms CreateObjectMapping: 0.246500 ms MarkObjects: 6.695800 ms  DeleteObjects: 1.209500 ms)

========================================================================
Received Import Request.
  Time since last request: 232217.009214 seconds.
  path: Assets/MaterialPistol
  artifactKey: Guid(16d8e505302811e45b7ca00410672d1e) Importer(815301076,1909f56bfc062723c751e8b465ee728b)
Start importing Assets/MaterialPistol using Guid(16d8e505302811e45b7ca00410672d1e) Importer(815301076,1909f56bfc062723c751e8b465ee728b) (PreviewImporter) -> (artifact id: '6363ed8b55e0747479d62806f4e8012f') in 0.0090151 seconds
Number of updated asset objects reloaded before import = 0Number of asset objects unloaded after import = 0

========================================================================
Received Import Request.
  Time since last request: 1007.221296 seconds.
  path: Assets/MaterialPistol/PistolWood.fbx
  artifactKey: Guid(07ceabdc9690da04da0046094eb44a9b) Importer(815301076,1909f56bfc062723c751e8b465ee728b)
Start importing Assets/MaterialPistol/PistolWood.fbx using Guid(07ceabdc9690da04da0046094eb44a9b) Importer(815301076,1909f56bfc062723c751e8b465ee728b) (PreviewImporter) -> (artifact id: '3fc36c281ccfdfec4b8f06cb544ce8a7') in 0.3940893 seconds
Number of updated asset objects reloaded before import = 0Number of asset objects unloaded after import = 10

========================================================================
Received Import Request.
  Time since last request: 82.003023 seconds.
  path: Assets/MaterialPistol/PistolWoodMaterial.mat
  artifactKey: Guid(e963f034a60ba5c4eb9c57592b609b06) Importer(815301076,1909f56bfc062723c751e8b465ee728b)
Start importing Assets/MaterialPistol/PistolWoodMaterial.mat using Guid(e963f034a60ba5c4eb9c57592b609b06) Importer(815301076,1909f56bfc062723c751e8b465ee728b) (PreviewImporter) -> (artifact id: 'cfeb67037d7dbc5d377db543bc4693c8') in 0.0131153 seconds
Number of updated asset objects reloaded before import = 0Number of asset objects unloaded after import = 1

========================================================================
Received Import Request.
  Time since last request: 11.095857 seconds.
  path: Assets/MaterialPistol/gunmix_43543_Normal_1003.jpeg
  artifactKey: Guid(c63c8c0ac348a7b4485bf1d65263031e) Importer(815301076,1909f56bfc062723c751e8b465ee728b)
Start importing Assets/MaterialPistol/gunmix_43543_Normal_1003.jpeg using Guid(c63c8c0ac348a7b4485bf1d65263031e) Importer(815301076,1909f56bfc062723c751e8b465ee728b) (PreviewImporter) -> (artifact id: '07e67aa21caac04cbe396c575f5f1b20') in 0.0223464 seconds
Number of updated asset objects reloaded before import = 0Number of asset objects unloaded after import = 2

========================================================================
Received Import Request.
  Time since last request: 9.630618 seconds.
  path: Assets/MaterialPistol/gunmix_43543_Normal_1002.jpeg
  artifactKey: Guid(ac88e1bc85b2c154b90c39fa2c30e675) Importer(815301076,1909f56bfc062723c751e8b465ee728b)
Start importing Assets/MaterialPistol/gunmix_43543_Normal_1002.jpeg using Guid(ac88e1bc85b2c154b90c39fa2c30e675) Importer(815301076,1909f56bfc062723c751e8b465ee728b) (PreviewImporter) -> (artifact id: 'e540ba3de5d26aaa67ef4a149d36eeaa') in 0.0170156 seconds
Number of updated asset objects reloaded before import = 0Number of asset objects unloaded after import = 2

========================================================================
Received Import Request.
  Time since last request: 21.048605 seconds.
  path: Assets/MaterialPistol/gunmix_43543_Metallic_1003-gunmix_43543_Roughness_1003@chann.png
  artifactKey: Guid(bcad6ed97aa65c04c9c6e934afec7e09) Importer(815301076,1909f56bfc062723c751e8b465ee728b)
Start importing Assets/MaterialPistol/gunmix_43543_Metallic_1003-gunmix_43543_Roughness_1003@chann.png using Guid(bcad6ed97aa65c04c9c6e934afec7e09) Importer(815301076,1909f56bfc062723c751e8b465ee728b) (PreviewImporter) -> (artifact id: 'dd465af62325ede3d046c59d65ee6544') in 0.0123371 seconds
Number of updated asset objects reloaded before import = 0Number of asset objects unloaded after import = 2

========================================================================
Received Import Request.
  Time since last request: 10.420478 seconds.
  path: Assets/MaterialPistol/gunmix_43543_Metallic_1003-gunmix_43543_Roughness_1003@chann 1.png
  artifactKey: Guid(344a1b7e1933215408fb68591c0e3c04) Importer(815301076,1909f56bfc062723c751e8b465ee728b)
Start importing Assets/MaterialPistol/gunmix_43543_Metallic_1003-gunmix_43543_Roughness_1003@chann 1.png using Guid(344a1b7e1933215408fb68591c0e3c04) Importer(815301076,1909f56bfc062723c751e8b465ee728b) (PreviewImporter) -> (artifact id: 'fe81f45b498acd5278626ae91f819bcc') in 0.0072349 seconds
Number of updated asset objects reloaded before import = 0Number of asset objects unloaded after import = 2

========================================================================
Received Import Request.
  Time since last request: 4.432989 seconds.
  path: Assets/MaterialPistol/gunmix_43543_Metallic_1002-gunmix_43543_Roughness_1002@chann.png
  artifactKey: Guid(72a1d1a5a44abaf42873341dc7daffbf) Importer(815301076,1909f56bfc062723c751e8b465ee728b)
Start importing Assets/MaterialPistol/gunmix_43543_Metallic_1002-gunmix_43543_Roughness_1002@chann.png using Guid(72a1d1a5a44abaf42873341dc7daffbf) Importer(815301076,1909f56bfc062723c751e8b465ee728b) (PreviewImporter) -> (artifact id: '33d6590087dd06c49192f3bc7dcf4548') in 0.007962 seconds
Number of updated asset objects reloaded before import = 0Number of asset objects unloaded after import = 2

========================================================================
Received Import Request.
  Time since last request: 5.735782 seconds.
  path: Assets/MaterialPistol/gunmix_43543_Metallic_1002-gunmix_43543_Roughness_1002@chann 1.png
  artifactKey: Guid(4c9593c4e37070a4f8934a092f6cb91e) Importer(815301076,1909f56bfc062723c751e8b465ee728b)
Start importing Assets/MaterialPistol/gunmix_43543_Metallic_1002-gunmix_43543_Roughness_1002@chann 1.png using Guid(4c9593c4e37070a4f8934a092f6cb91e) Importer(815301076,1909f56bfc062723c751e8b465ee728b) (PreviewImporter) -> (artifact id: 'ebf323b28562ca002f282f4330a5dbcf') in 0.0155072 seconds
Number of updated asset objects reloaded before import = 0Number of asset objects unloaded after import = 2

========================================================================
Received Import Request.
  Time since last request: 15.551852 seconds.
  path: Assets/MaterialPistol/gunmix_43543_Metallic_1001-gunmix_43543_Roughness_1001@chann.png
  artifactKey: Guid(4f03b003d39301b48823c534efce4c49) Importer(815301076,1909f56bfc062723c751e8b465ee728b)
Start importing Assets/MaterialPistol/gunmix_43543_Metallic_1001-gunmix_43543_Roughness_1001@chann.png using Guid(4f03b003d39301b48823c534efce4c49) Importer(815301076,1909f56bfc062723c751e8b465ee728b) (PreviewImporter) -> (artifact id: '4d224d66d5dcaf05461a1b6b703ac795') in 0.0087879 seconds
Number of updated asset objects reloaded before import = 0Number of asset objects unloaded after import = 2

========================================================================
Received Import Request.
  Time since last request: 8.655404 seconds.
  path: Assets/MaterialPistol/gunmix_43543_Metallic_1001-gunmix_43543_Roughness_1001@chann 1.png
  artifactKey: Guid(e2db158df043ccb42be9db53839594b8) Importer(815301076,1909f56bfc062723c751e8b465ee728b)
Start importing Assets/MaterialPistol/gunmix_43543_Metallic_1001-gunmix_43543_Roughness_1001@chann 1.png using Guid(e2db158df043ccb42be9db53839594b8) Importer(815301076,1909f56bfc062723c751e8b465ee728b) (PreviewImporter) -> (artifact id: 'a7d9fd8403d6f2fb5319a0c9fff2b000') in 0.0095692 seconds
Number of updated asset objects reloaded before import = 0Number of asset objects unloaded after import = 2

========================================================================
Received Import Request.
  Time since last request: 2.920934 seconds.
  path: Assets/MaterialPistol/gunmix_43543_BaseColor_1003.jpeg
  artifactKey: Guid(e2658c0a4b5f9c54aa87078d7b0f445f) Importer(815301076,1909f56bfc062723c751e8b465ee728b)
Start importing Assets/MaterialPistol/gunmix_43543_BaseColor_1003.jpeg using Guid(e2658c0a4b5f9c54aa87078d7b0f445f) Importer(815301076,1909f56bfc062723c751e8b465ee728b) (PreviewImporter) -> (artifact id: '0669932b061f1dcda44458f6f6e74414') in 0.0155951 seconds
Number of updated asset objects reloaded before import = 0Number of asset objects unloaded after import = 2

========================================================================
Received Import Request.
  Time since last request: 3.245384 seconds.
  path: Assets/MaterialPistol/gunmix_43543_BaseColor_1002.jpeg
  artifactKey: Guid(f1e6d4fb1e31f834caaee1848e33578e) Importer(815301076,1909f56bfc062723c751e8b465ee728b)
Start importing Assets/MaterialPistol/gunmix_43543_BaseColor_1002.jpeg using Guid(f1e6d4fb1e31f834caaee1848e33578e) Importer(815301076,1909f56bfc062723c751e8b465ee728b) (PreviewImporter) -> (artifact id: '751ba3fc849ca80705a944cd34efff7e') in 0.0075301 seconds
Number of updated asset objects reloaded before import = 0Number of asset objects unloaded after import = 2

========================================================================
Received Import Request.
  Time since last request: 3.183549 seconds.
  path: Assets/MaterialPistol/gunmix_43543_BaseColor_1001.jpeg
  artifactKey: Guid(df9a32f4c155e2a4cb7c5ca9300395ee) Importer(815301076,1909f56bfc062723c751e8b465ee728b)
Start importing Assets/MaterialPistol/gunmix_43543_BaseColor_1001.jpeg using Guid(df9a32f4c155e2a4cb7c5ca9300395ee) Importer(815301076,1909f56bfc062723c751e8b465ee728b) (PreviewImporter) -> (artifact id: '9bba741f7538dec00b8d2239ba747c1c') in 0.008486 seconds
Number of updated asset objects reloaded before import = 0Number of asset objects unloaded after import = 2

========================================================================
Received Import Request.
  Time since last request: 56.459441 seconds.
  path: Assets/MaterialPistol/PistolWoodMaterial 1.mat
  artifactKey: Guid(b270eab97f525a74d93981557ca65047) Importer(815301076,1909f56bfc062723c751e8b465ee728b)
Start importing Assets/MaterialPistol/PistolWoodMaterial 1.mat using Guid(b270eab97f525a74d93981557ca65047) Importer(815301076,1909f56bfc062723c751e8b465ee728b) (PreviewImporter) -> (artifact id: 'bfdbf029e8fba3ef88138401800f6be9') in 0.0100647 seconds
Number of updated asset objects reloaded before import = 0Number of asset objects unloaded after import = 1

========================================================================
Received Import Request.
  Time since last request: 30.542757 seconds.
  path: Assets/MaterialPistol/PistolWoodMaterial 2.mat
  artifactKey: Guid(0263c53963c91834992c6fdb93d39b07) Importer(815301076,1909f56bfc062723c751e8b465ee728b)
Start importing Assets/MaterialPistol/PistolWoodMaterial 2.mat using Guid(0263c53963c91834992c6fdb93d39b07) Importer(815301076,1909f56bfc062723c751e8b465ee728b) (PreviewImporter) -> (artifact id: 'fa2e9a0b839ba94618e6452bf17d87af') in 0.006753 seconds
Number of updated asset objects reloaded before import = 0Number of asset objects unloaded after import = 1

========================================================================
Received Import Request.
  Time since last request: 1646.646911 seconds.
  path: Assets
  artifactKey: Guid(00000000000000001000000000000000) Importer(815301076,1909f56bfc062723c751e8b465ee728b)
Start importing Assets using Guid(00000000000000001000000000000000) Importer(815301076,1909f56bfc062723c751e8b465ee728b) (PreviewImporter) -> (artifact id: 'c391582d739b6e62a5220f35cbb167ac') in 0.0006358 seconds
Number of updated asset objects reloaded before import = 0Number of asset objects unloaded after import = 0

========================================================================
Received Prepare
Refreshing native plugins compatible for Editor in 1.27 ms, found 3 plugins.
Preloading 0 native plugins for Editor in 0.00 ms.
Unloading 0 Unused Serialized files (Serialized files now loaded: 0)
Unloading 3693 unused Assets / (0.8 MB). Loaded Objects now: 4239.
Memory consumption went from 86.6 MB to 85.8 MB.
Total: 36.815100 ms (FindLiveObjects: 0.853900 ms CreateObjectMapping: 0.207400 ms MarkObjects: 34.388800 ms  DeleteObjects: 1.363200 ms)

Prepare: number of updated asset objects reloaded= 0
========================================================================
Received Import Request.
  Time since last request: 7.750595 seconds.
  path: Assets/Gun.cs
  artifactKey: Guid(1e502b962a53f244bb406236f4a5ab76) Importer(815301076,1909f56bfc062723c751e8b465ee728b)
Start importing Assets/Gun.cs using Guid(1e502b962a53f244bb406236f4a5ab76) Importer(815301076,1909f56bfc062723c751e8b465ee728b) (PreviewImporter) -> (artifact id: 'ccbd1541d09599846a94cefc151eaf49') in 0.0029425 seconds
Number of updated asset objects reloaded before import = 0Number of asset objects unloaded after import = 0

========================================================================
Received Prepare
Begin MonoManager ReloadAssembly
- Loaded All Assemblies, in  0.865 seconds
Refreshing native plugins compatible for Editor in 0.77 ms, found 3 plugins.
Native extension for iOS target not found
Native extension for Android target not found
Native extension for UWP target not found
Native extension for WindowsStandalone target not found
Mono: successfully reloaded assembly
- Finished resetting the current domain, in  0.547 seconds
Domain Reload Profiling: 1410ms
	BeginReloadAssembly (295ms)
		ExecutionOrderSort (0ms)
		DisableScriptedObjects (6ms)
		BackupInstance (0ms)
		ReleaseScriptingObjects (0ms)
		CreateAndSetChildDomain (103ms)
	RebuildCommonClasses (48ms)
	RebuildNativeTypeToScriptingClass (14ms)
	initialDomainReloadingComplete (33ms)
	LoadAllAssembliesAndSetupDomain (472ms)
		LoadAssemblies (439ms)
		RebuildTransferFunctionScriptingTraits (0ms)
		AnalyzeDomain (171ms)
			TypeCache.Refresh (11ms)
				TypeCache.ScanAssembly (0ms)
			BuildScriptInfoCaches (145ms)
			ResolveRequiredComponents (10ms)
	FinalizeReload (547ms)
		ReleaseScriptCaches (0ms)
		RebuildScriptCaches (0ms)
		SetupLoadedEditorAssemblies (426ms)
			LogAssemblyErrors (0ms)
			InitializePlatformSupportModulesInManaged (18ms)
			SetLoadedEditorAssemblies (4ms)
			BeforeProcessingInitializeOnLoad (85ms)
			ProcessInitializeOnLoadAttributes (288ms)
			ProcessInitializeOnLoadMethodAttributes (23ms)
			AfterProcessingInitializeOnLoad (7ms)
			EditorAssembliesLoaded (0ms)
		ExecutionOrderSort2 (0ms)
		AwakeInstancesAfterBackupRestoration (6ms)
Refreshing native plugins compatible for Editor in 1.16 ms, found 3 plugins.
Preloading 0 native plugins for Editor in 0.00 ms.
Unloading 1 Unused Serialized files (Serialized files now loaded: 0)
Unloading 3700 unused Assets / (1.4 MB). Loaded Objects now: 4239.
Memory consumption went from 87.6 MB to 86.2 MB.
Total: 8.464100 ms (FindLiveObjects: 0.601400 ms CreateObjectMapping: 0.178100 ms MarkObjects: 5.856400 ms  DeleteObjects: 1.826400 ms)

Prepare: number of updated asset objects reloaded= 0
========================================================================
Received Import Request.
  Time since last request: 10.564611 seconds.
  path: Assets/Guns
  artifactKey: Guid(48d3f8eb2277b284aa21edc8e50b0bb5) Importer(815301076,1909f56bfc062723c751e8b465ee728b)
Start importing Assets/Guns using Guid(48d3f8eb2277b284aa21edc8e50b0bb5) Importer(815301076,1909f56bfc062723c751e8b465ee728b) (PreviewImporter) -> (artifact id: 'd3f46cf4c83edffbb359664ebe0ae7be') in 0.0019224 seconds
Number of updated asset objects reloaded before import = 0Number of asset objects unloaded after import = 0

========================================================================
Received Prepare
Refreshing native plugins compatible for Editor in 1.10 ms, found 3 plugins.
Preloading 0 native plugins for Editor in 0.00 ms.
Unloading 0 Unused Serialized files (Serialized files now loaded: 0)
Unloading 3693 unused Assets / (0.8 MB). Loaded Objects now: 4239.
Memory consumption went from 87.7 MB to 86.9 MB.
Total: 8.471000 ms (FindLiveObjects: 0.736500 ms CreateObjectMapping: 0.252400 ms MarkObjects: 6.166100 ms  DeleteObjects: 1.314600 ms)

Prepare: number of updated asset objects reloaded= 0
========================================================================
Received Prepare
Begin MonoManager ReloadAssembly
- Loaded All Assemblies, in  0.652 seconds
Refreshing native plugins compatible for Editor in 1.22 ms, found 3 plugins.
Native extension for iOS target not found
Native extension for Android target not found
Native extension for UWP target not found
Native extension for WindowsStandalone target not found
Mono: successfully reloaded assembly
- Finished resetting the current domain, in  0.553 seconds
Domain Reload Profiling: 1203ms
	BeginReloadAssembly (197ms)
		ExecutionOrderSort (0ms)
		DisableScriptedObjects (6ms)
		BackupInstance (0ms)
		ReleaseScriptingObjects (0ms)
		CreateAndSetChildDomain (41ms)
	RebuildCommonClasses (38ms)
	RebuildNativeTypeToScriptingClass (17ms)
	initialDomainReloadingComplete (29ms)
	LoadAllAssembliesAndSetupDomain (367ms)
		LoadAssemblies (327ms)
		RebuildTransferFunctionScriptingTraits (0ms)
		AnalyzeDomain (151ms)
			TypeCache.Refresh (9ms)
				TypeCache.ScanAssembly (0ms)
			BuildScriptInfoCaches (135ms)
			ResolveRequiredComponents (5ms)
	FinalizeReload (554ms)
		ReleaseScriptCaches (0ms)
		RebuildScriptCaches (0ms)
		SetupLoadedEditorAssemblies (428ms)
			LogAssemblyErrors (0ms)
			InitializePlatformSupportModulesInManaged (20ms)
			SetLoadedEditorAssemblies (4ms)
			BeforeProcessingInitializeOnLoad (85ms)
			ProcessInitializeOnLoadAttributes (283ms)
			ProcessInitializeOnLoadMethodAttributes (27ms)
			AfterProcessingInitializeOnLoad (8ms)
			EditorAssembliesLoaded (0ms)
		ExecutionOrderSort2 (0ms)
		AwakeInstancesAfterBackupRestoration (6ms)
Refreshing native plugins compatible for Editor in 1.06 ms, found 3 plugins.
Preloading 0 native plugins for Editor in 0.00 ms.
Unloading 0 Unused Serialized files (Serialized files now loaded: 0)
Unloading 3700 unused Assets / (0.8 MB). Loaded Objects now: 4239.
Memory consumption went from 87.5 MB to 86.8 MB.
Total: 8.005500 ms (FindLiveObjects: 0.610900 ms CreateObjectMapping: 0.178200 ms MarkObjects: 6.064900 ms  DeleteObjects: 1.150200 ms)

Prepare: number of updated asset objects reloaded= 0
========================================================================
Received Import Request.
  Time since last request: 7.080086 seconds.
  path: Assets/Guns/Gun.cs
  artifactKey: Guid(1e502b962a53f244bb406236f4a5ab76) Importer(815301076,1909f56bfc062723c751e8b465ee728b)
Start importing Assets/Guns/Gun.cs using Guid(1e502b962a53f244bb406236f4a5ab76) Importer(815301076,1909f56bfc062723c751e8b465ee728b) (PreviewImporter) -> (artifact id: '34a13d85744acd7b8a5fd833054f58aa') in 0.0033418 seconds
Number of updated asset objects reloaded before import = 0Number of asset objects unloaded after import = 0

========================================================================
Received Prepare
Refreshing native plugins compatible for Editor in 1.18 ms, found 3 plugins.
Preloading 0 native plugins for Editor in 0.00 ms.
Unloading 0 Unused Serialized files (Serialized files now loaded: 0)
Unloading 3693 unused Assets / (279.0 KB). Loaded Objects now: 4239.
Memory consumption went from 87.7 MB to 87.4 MB.
Total: 9.155000 ms (FindLiveObjects: 0.941100 ms CreateObjectMapping: 0.338600 ms MarkObjects: 6.769100 ms  DeleteObjects: 1.104900 ms)

Prepare: number of updated asset objects reloaded= 0
========================================================================
Received Import Request.
  Time since last request: 725.838425 seconds.
  path: Assets/Guns/Gun.cs
  artifactKey: Guid(1e502b962a53f244bb406236f4a5ab76) Importer(815301076,1909f56bfc062723c751e8b465ee728b)
Start importing Assets/Guns/Gun.cs using Guid(1e502b962a53f244bb406236f4a5ab76) Importer(815301076,1909f56bfc062723c751e8b465ee728b) (PreviewImporter) -> (artifact id: '528b774f7eba41f4984e6a21662a3d1f') in 0.0015114 seconds
Number of updated asset objects reloaded before import = 0Number of asset objects unloaded after import = 0

========================================================================
Received Prepare
Begin MonoManager ReloadAssembly
- Loaded All Assemblies, in  0.830 seconds
Refreshing native plugins compatible for Editor in 0.69 ms, found 3 plugins.
Native extension for iOS target not found
Native extension for Android target not found
Native extension for UWP target not found
Native extension for WindowsStandalone target not found
Mono: successfully reloaded assembly
- Finished resetting the current domain, in  0.526 seconds
Domain Reload Profiling: 1355ms
	BeginReloadAssembly (270ms)
		ExecutionOrderSort (0ms)
		DisableScriptedObjects (7ms)
		BackupInstance (0ms)
		ReleaseScriptingObjects (0ms)
		CreateAndSetChildDomain (59ms)
	RebuildCommonClasses (48ms)
	RebuildNativeTypeToScriptingClass (16ms)
	initialDomainReloadingComplete (34ms)
	LoadAllAssembliesAndSetupDomain (460ms)
		LoadAssemblies (424ms)
		RebuildTransferFunctionScriptingTraits (0ms)
		AnalyzeDomain (192ms)
			TypeCache.Refresh (10ms)
				TypeCache.ScanAssembly (0ms)
			BuildScriptInfoCaches (170ms)
			ResolveRequiredComponents (7ms)
	FinalizeReload (527ms)
		ReleaseScriptCaches (0ms)
		RebuildScriptCaches (0ms)
		SetupLoadedEditorAssemblies (412ms)
			LogAssemblyErrors (0ms)
			InitializePlatformSupportModulesInManaged (16ms)
			SetLoadedEditorAssemblies (3ms)
			BeforeProcessingInitializeOnLoad (84ms)
			ProcessInitializeOnLoadAttributes (271ms)
			ProcessInitializeOnLoadMethodAttributes (27ms)
			AfterProcessingInitializeOnLoad (10ms)
			EditorAssembliesLoaded (0ms)
		ExecutionOrderSort2 (0ms)
		AwakeInstancesAfterBackupRestoration (8ms)
Refreshing native plugins compatible for Editor in 1.20 ms, found 3 plugins.
Preloading 0 native plugins for Editor in 0.00 ms.
Unloading 0 Unused Serialized files (Serialized files now loaded: 0)
Unloading 3700 unused Assets / (0.8 MB). Loaded Objects now: 4239.
Memory consumption went from 87.5 MB to 86.7 MB.
Total: 9.713000 ms (FindLiveObjects: 0.788100 ms CreateObjectMapping: 0.287500 ms MarkObjects: 7.195900 ms  DeleteObjects: 1.439200 ms)

Prepare: number of updated asset objects reloaded= 0
========================================================================
Received Prepare
Refreshing native plugins compatible for Editor in 1.52 ms, found 3 plugins.
Preloading 0 native plugins for Editor in 0.00 ms.
Unloading 0 Unused Serialized files (Serialized files now loaded: 0)
Unloading 3693 unused Assets / (131.0 KB). Loaded Objects now: 4239.
Memory consumption went from 87.7 MB to 87.6 MB.
Total: 8.341000 ms (FindLiveObjects: 0.801600 ms CreateObjectMapping: 0.245800 ms MarkObjects: 6.085100 ms  DeleteObjects: 1.206900 ms)

Prepare: number of updated asset objects reloaded= 0
========================================================================
Received Import Request.
  Time since last request: 70.737321 seconds.
  path: Assets/Guns/Gun.cs
  artifactKey: Guid(1e502b962a53f244bb406236f4a5ab76) Importer(815301076,1909f56bfc062723c751e8b465ee728b)
Start importing Assets/Guns/Gun.cs using Guid(1e502b962a53f244bb406236f4a5ab76) Importer(815301076,1909f56bfc062723c751e8b465ee728b) (PreviewImporter) -> (artifact id: '3dad471956825c9530fe758092e3e609') in 0.0031472 seconds
Number of updated asset objects reloaded before import = 0Number of asset objects unloaded after import = 0

========================================================================
Received Prepare
Begin MonoManager ReloadAssembly
- Loaded All Assemblies, in  0.679 seconds
Refreshing native plugins compatible for Editor in 0.92 ms, found 3 plugins.
Native extension for iOS target not found
Native extension for Android target not found
Native extension for UWP target not found
Native extension for WindowsStandalone target not found
Mono: successfully reloaded assembly
- Finished resetting the current domain, in  0.529 seconds
Domain Reload Profiling: 1207ms
	BeginReloadAssembly (202ms)
		ExecutionOrderSort (0ms)
		DisableScriptedObjects (7ms)
		BackupInstance (0ms)
		ReleaseScriptingObjects (0ms)
		CreateAndSetChildDomain (42ms)
	RebuildCommonClasses (38ms)
	RebuildNativeTypeToScriptingClass (18ms)
	initialDomainReloadingComplete (31ms)
	LoadAllAssembliesAndSetupDomain (389ms)
		LoadAssemblies (333ms)
		RebuildTransferFunctionScriptingTraits (0ms)
		AnalyzeDomain (170ms)
			TypeCache.Refresh (8ms)
				TypeCache.ScanAssembly (0ms)
			BuildScriptInfoCaches (154ms)
			ResolveRequiredComponents (5ms)
	FinalizeReload (529ms)
		ReleaseScriptCaches (0ms)
		RebuildScriptCaches (0ms)
		SetupLoadedEditorAssemblies (412ms)
			LogAssemblyErrors (0ms)
			InitializePlatformSupportModulesInManaged (16ms)
			SetLoadedEditorAssemblies (3ms)
			BeforeProcessingInitializeOnLoad (86ms)
			ProcessInitializeOnLoadAttributes (275ms)
			ProcessInitializeOnLoadMethodAttributes (23ms)
			AfterProcessingInitializeOnLoad (9ms)
			EditorAssembliesLoaded (0ms)
		ExecutionOrderSort2 (0ms)
		AwakeInstancesAfterBackupRestoration (6ms)
Refreshing native plugins compatible for Editor in 1.15 ms, found 3 plugins.
Preloading 0 native plugins for Editor in 0.00 ms.
Unloading 0 Unused Serialized files (Serialized files now loaded: 0)
Unloading 3700 unused Assets / (0.5 MB). Loaded Objects now: 4239.
Memory consumption went from 87.5 MB to 87.0 MB.
Total: 6.766600 ms (FindLiveObjects: 0.718900 ms CreateObjectMapping: 0.261900 ms MarkObjects: 5.005000 ms  DeleteObjects: 0.779700 ms)

Prepare: number of updated asset objects reloaded= 0
========================================================================
Received Import Request.
  Time since last request: 22.067668 seconds.
  path: Assets/PrefabBullet
  artifactKey: Guid(45b88c56cb0ee244a9a598f5a8e556f8) Importer(815301076,1909f56bfc062723c751e8b465ee728b)
Start importing Assets/PrefabBullet using Guid(45b88c56cb0ee244a9a598f5a8e556f8) Importer(815301076,1909f56bfc062723c751e8b465ee728b) (PreviewImporter) -> (artifact id: '7d4c276c3f3c10e4798311479c306e50') in 0.0020403 seconds
Number of updated asset objects reloaded before import = 0Number of asset objects unloaded after import = 0

========================================================================
Received Import Request.
  Time since last request: 30.418808 seconds.
  path: Assets/PrefabBullet/Bullet.prefab
  artifactKey: Guid(9a9cc5485012ce647badb0c794e0984b) Importer(815301076,1909f56bfc062723c751e8b465ee728b)
Start importing Assets/PrefabBullet/Bullet.prefab using Guid(9a9cc5485012ce647badb0c794e0984b) Importer(815301076,1909f56bfc062723c751e8b465ee728b) (PreviewImporter) -> (artifact id: '81d86eb87b267be39502a7145425bdab') in 0.1793124 seconds
Number of updated asset objects reloaded before import = 0Number of asset objects unloaded after import = 7

========================================================================
Received Prepare
Begin MonoManager ReloadAssembly
- Loaded All Assemblies, in  0.646 seconds
Refreshing native plugins compatible for Editor in 0.74 ms, found 3 plugins.
Native extension for iOS target not found
Native extension for Android target not found
Native extension for UWP target not found
Native extension for WindowsStandalone target not found
Mono: successfully reloaded assembly
- Finished resetting the current domain, in  0.609 seconds
Domain Reload Profiling: 1253ms
	BeginReloadAssembly (203ms)
		ExecutionOrderSort (0ms)
		DisableScriptedObjects (5ms)
		BackupInstance (0ms)
		ReleaseScriptingObjects (0ms)
		CreateAndSetChildDomain (42ms)
	RebuildCommonClasses (40ms)
	RebuildNativeTypeToScriptingClass (15ms)
	initialDomainReloadingComplete (32ms)
	LoadAllAssembliesAndSetupDomain (352ms)
		LoadAssemblies (312ms)
		RebuildTransferFunctionScriptingTraits (0ms)
		AnalyzeDomain (154ms)
			TypeCache.Refresh (7ms)
				TypeCache.ScanAssembly (0ms)
			BuildScriptInfoCaches (139ms)
			ResolveRequiredComponents (4ms)
	FinalizeReload (609ms)
		ReleaseScriptCaches (0ms)
		RebuildScriptCaches (0ms)
		SetupLoadedEditorAssemblies (473ms)
			LogAssemblyErrors (0ms)
			InitializePlatformSupportModulesInManaged (19ms)
			SetLoadedEditorAssemblies (3ms)
			BeforeProcessingInitializeOnLoad (94ms)
			ProcessInitializeOnLoadAttributes (321ms)
			ProcessInitializeOnLoadMethodAttributes (25ms)
			AfterProcessingInitializeOnLoad (11ms)
			EditorAssembliesLoaded (0ms)
		ExecutionOrderSort2 (0ms)
		AwakeInstancesAfterBackupRestoration (10ms)
Refreshing native plugins compatible for Editor in 1.49 ms, found 3 plugins.
Preloading 0 native plugins for Editor in 0.00 ms.
Unloading 0 Unused Serialized files (Serialized files now loaded: 0)
Unloading 3700 unused Assets / (0.8 MB). Loaded Objects now: 4241.
Memory consumption went from 87.6 MB to 86.7 MB.
Total: 9.330600 ms (FindLiveObjects: 1.006700 ms CreateObjectMapping: 0.274800 ms MarkObjects: 6.689900 ms  DeleteObjects: 1.356800 ms)

Prepare: number of updated asset objects reloaded= 0
========================================================================
Received Import Request.
  Time since last request: 50.659349 seconds.
  path: Assets/InputSystem_Actions.inputactions
  artifactKey: Guid(289c1b55c9541489481df5cc06664110) Importer(2089858483,192608db42251d675da83286b1cce702)
Start importing Assets/InputSystem_Actions.inputactions using Guid(289c1b55c9541489481df5cc06664110) Importer(2089858483,192608db42251d675da83286b1cce702) (ScriptedImporter) -> (artifact id: '0b1e2e4329a9b663a781f2d5617580f6') in 0.2778936 seconds
Number of updated asset objects reloaded before import = 0Number of asset objects unloaded after import = 21

========================================================================
Received Import Request.
  Time since last request: 40.796924 seconds.
  path: Assets/JogoFPS.unity
  artifactKey: Guid(f64fa299016b6154ca3e108656ec3f5f) Importer(2089858483,192608db42251d675da83286b1cce702)
Start importing Assets/JogoFPS.unity using Guid(f64fa299016b6154ca3e108656ec3f5f) Importer(2089858483,192608db42251d675da83286b1cce702) (ScriptedImporter) -> (artifact id: '98904d4788a59ddf31e3fc7fbf7b08e0') in 0.0038565 seconds
Number of updated asset objects reloaded before import = 0Number of asset objects unloaded after import = 1

========================================================================
Received Import Request.
  Time since last request: 62.461360 seconds.
  path: Assets/Scenes/SampleScene.unity
  artifactKey: Guid(9fc0d4010bbf28b4594072e72b8655ab) Importer(815301076,1909f56bfc062723c751e8b465ee728b)
Start importing Assets/Scenes/SampleScene.unity using Guid(9fc0d4010bbf28b4594072e72b8655ab) Importer(815301076,1909f56bfc062723c751e8b465ee728b) (PreviewImporter) -> (artifact id: '2c5709d561b31518ca0f17e63443ac91') in 0.0005677 seconds
Number of updated asset objects reloaded before import = 0Number of asset objects unloaded after import = 0

========================================================================
Received Import Request.
  Time since last request: 3.136740 seconds.
  path: Assets/Scenes/Teste.unity
  artifactKey: Guid(9fc0d4010bbf28b4594072e72b8655ab) Importer(815301076,1909f56bfc062723c751e8b465ee728b)
Start importing Assets/Scenes/Teste.unity using Guid(9fc0d4010bbf28b4594072e72b8655ab) Importer(815301076,1909f56bfc062723c751e8b465ee728b) (PreviewImporter) -> (artifact id: '18ec3cdc5db555ce6b3a3ebeda887f82') in 0.0006344 seconds
Number of updated asset objects reloaded before import = 0Number of asset objects unloaded after import = 0

========================================================================
Received Import Request.
  Time since last request: 0.975489 seconds.
  path: Assets/Scenes/Teste.unity
  artifactKey: Guid(9fc0d4010bbf28b4594072e72b8655ab) Importer(2089858483,192608db42251d675da83286b1cce702)
Start importing Assets/Scenes/Teste.unity using Guid(9fc0d4010bbf28b4594072e72b8655ab) Importer(2089858483,192608db42251d675da83286b1cce702) (ScriptedImporter) -> (artifact id: '5a9df5167e34b1536129ae53c28d48a3') in 0.0029833 seconds
Number of updated asset objects reloaded before import = 0Number of asset objects unloaded after import = 1

